


ARM Macro Assembler    Page 1 


    1 00000000         ; Amount of memory (in bytes) allocated for Stack
    2 00000000         ; Tailor this value to your application needs
    3 00000000         ; <h> Stack Configuration
    4 00000000         ;   <o> Stack Size (in Bytes) <0x0-0xFFFFFFFF:8>
    5 00000000         ; </h>
    6 00000000         
    7 00000000 00000400 
                       Stack_Size
                               EQU              0x00000400
    8 00000000         
    9 00000000                 AREA             STACK, NOINIT, READWRITE, ALIGN
=3
   10 00000000         Stack_Mem
                               SPACE            Stack_Size
   11 00000400         __initial_sp
   12 00000400         
   13 00000400         
   14 00000400         ; <h> Heap Configuration
   15 00000400         ;   <o>  Heap Size (in Bytes) <0x0-0xFFFFFFFF:8>
   16 00000400         ; </h>
   17 00000400         
   18 00000400 00000200 
                       Heap_Size
                               EQU              0x00000200
   19 00000400         
   20 00000400                 AREA             HEAP, NOINIT, READWRITE, ALIGN=
3
   21 00000000         __heap_base
   22 00000000         Heap_Mem
                               SPACE            Heap_Size
   23 00000200         __heap_limit
   24 00000200         
   25 00000200                 PRESERVE8
   26 00000200                 THUMB
   27 00000200         
   28 00000200         
   29 00000200         ; Vector Table Mapped to Address 0 at Reset
   30 00000200                 AREA             RESET, DATA, READONLY
   31 00000000                 EXPORT           __Vectors
   32 00000000                 EXPORT           __Vectors_End
   33 00000000                 EXPORT           __Vectors_Size
   34 00000000         
   35 00000000         ;DCD  12340001
   36 00000000         ;IMPORT |Image$$ER_IROM1$$RO$$Length|
   37 00000000         ;DCD  |Image$$ER_IROM1$$RO$$Length|;RO Length
   38 00000000         ;DCD  12340002
   39 00000000         ;DCB  TESTVAL;the input edit value "app"(or other value)
                       
   40 00000000         ;by coding some KEIL symbol or KEIL built-in grammar
   41 00000000         
   42 00000000 00000000 
                       __Vectors
                               DCD              __initial_sp ; Top of Stack
   43 00000004 00000000        DCD              Reset_Handler ; Reset Handler
   44 00000008         __Vectors_End
   45 00000008         
   46 00000008 00000008 
                       __Vectors_Size
                               EQU              __Vectors_End - __Vectors



ARM Macro Assembler    Page 2 


   47 00000008         
   48 00000008                 AREA             |.text|, CODE, READONLY
   49 00000000         
   50 00000000         ; Reset handler
   51 00000000         Reset_Handler
                               PROC
   52 00000000                 EXPORT           Reset_Handler             [WEAK
]
   53 00000000         ;        IMPORT  SystemInit
   54 00000000                 IMPORT           __main
   55 00000000         
   56 00000000         ;                 LDR     R0, =SystemInit
   57 00000000         ;                 BLX     R0
   58 00000000 4801            LDR              R0, =__main
   59 00000002 4700            BX               R0
   60 00000004                 ENDP
   61 00000004         
   62 00000004 E7FE            B                .
   63 00000006         
   64 00000006                 ENDP
   65 00000006         
   66 00000006 00 00           ALIGN
   67 00000008         
   68 00000008         ;*******************************************************
                       ************************
   69 00000008         ; User Stack and Heap initialization
   70 00000008         ;*******************************************************
                       ************************
   71 00000008                 IF               :DEF:__MICROLIB
   72 00000008         
   73 00000008                 EXPORT           __initial_sp
   74 00000008                 EXPORT           __heap_base
   75 00000008                 EXPORT           __heap_limit
   76 00000008         
   77 00000008                 ELSE
   92                          ENDIF
   93 00000008         
   94 00000008                 END
              00000000 
Command Line: --debug --xref --diag_suppress=9931 --cpu=Cortex-M3 --apcs=interw
ork --depend=.\objects\startup.d -o.\objects\startup.o -I.\RTE\_SDK -ID:\Keil_v
5\ARM\PACK\ARM\CMSIS\5.4.0\Device\ARM\ARMCM3\Include -ID:\Keil_v5\ARM\CMSIS\Inc
lude --predefine="__MICROLIB SETA 1" --predefine="__UVISION_VERSION SETA 526" -
-predefine="ARMCM3 SETA 1" --list=.\listings\startup.lst startup.s



ARM Macro Assembler    Page 1 Alphabetic symbol ordering
Relocatable symbols

STACK 00000000

Symbol: STACK
   Definitions
      At line 9 in file startup.s
   Uses
      None
Comment: STACK unused
Stack_Mem 00000000

Symbol: Stack_Mem
   Definitions
      At line 10 in file startup.s
   Uses
      None
Comment: Stack_Mem unused
__initial_sp 00000400

Symbol: __initial_sp
   Definitions
      At line 11 in file startup.s
   Uses
      At line 42 in file startup.s
      At line 73 in file startup.s

3 symbols



ARM Macro Assembler    Page 1 Alphabetic symbol ordering
Relocatable symbols

HEAP 00000000

Symbol: HEAP
   Definitions
      At line 20 in file startup.s
   Uses
      None
Comment: HEAP unused
Heap_Mem 00000000

Symbol: Heap_Mem
   Definitions
      At line 22 in file startup.s
   Uses
      None
Comment: Heap_Mem unused
__heap_base 00000000

Symbol: __heap_base
   Definitions
      At line 21 in file startup.s
   Uses
      At line 74 in file startup.s
Comment: __heap_base used once
__heap_limit 00000200

Symbol: __heap_limit
   Definitions
      At line 23 in file startup.s
   Uses
      At line 75 in file startup.s
Comment: __heap_limit used once
4 symbols



ARM Macro Assembler    Page 1 Alphabetic symbol ordering
Relocatable symbols

RESET 00000000

Symbol: RESET
   Definitions
      At line 30 in file startup.s
   Uses
      None
Comment: RESET unused
__Vectors 00000000

Symbol: __Vectors
   Definitions
      At line 42 in file startup.s
   Uses
      At line 31 in file startup.s
      At line 46 in file startup.s

__Vectors_End 00000008

Symbol: __Vectors_End
   Definitions
      At line 44 in file startup.s
   Uses
      At line 32 in file startup.s
      At line 46 in file startup.s

3 symbols



ARM Macro Assembler    Page 1 Alphabetic symbol ordering
Relocatable symbols

.text 00000000

Symbol: .text
   Definitions
      At line 48 in file startup.s
   Uses
      None
Comment: .text unused
Reset_Handler 00000000

Symbol: Reset_Handler
   Definitions
      At line 51 in file startup.s
   Uses
      At line 43 in file startup.s
      At line 52 in file startup.s

2 symbols



ARM Macro Assembler    Page 1 Alphabetic symbol ordering
Absolute symbols

Heap_Size 00000200

Symbol: Heap_Size
   Definitions
      At line 18 in file startup.s
   Uses
      At line 22 in file startup.s
Comment: Heap_Size used once
Stack_Size 00000400

Symbol: Stack_Size
   Definitions
      At line 7 in file startup.s
   Uses
      At line 10 in file startup.s
Comment: Stack_Size used once
__Vectors_Size 00000008

Symbol: __Vectors_Size
   Definitions
      At line 46 in file startup.s
   Uses
      At line 33 in file startup.s
Comment: __Vectors_Size used once
3 symbols



ARM Macro Assembler    Page 1 Alphabetic symbol ordering
External symbols

__main 00000000

Symbol: __main
   Definitions
      At line 54 in file startup.s
   Uses
      At line 58 in file startup.s
Comment: __main used once
1 symbol
351 symbols in table
